Copyright 1986-2015 Xilinx, Inc. All Rights Reserved.
-------------------------------------------------------------------------------------------
| Tool Version : Vivado v.2015.4 (win64) Build 1412921 Wed Nov 18 09:43:45 MST 2015
| Date         : Wed Oct 26 22:01:09 2016
| Host         : AVIC running 64-bit Service Pack 1  (build 7601)
| Command      : report_control_sets -verbose -file system_wrapper_control_sets_placed.rpt
| Design       : system_wrapper
| Device       : xc7z010
-------------------------------------------------------------------------------------------

Control Set Information

Table of Contents
-----------------
1. Summary
2. Flip-Flop Distribution
3. Detailed Control Set Information

1. Summary
----------

+-------------------------------------------------------------------+-------+
|                               Status                              | Count |
+-------------------------------------------------------------------+-------+
| Number of unique control sets                                     |    53 |
| Minimum Number of register sites lost to control set restrictions |    99 |
+-------------------------------------------------------------------+-------+


2. Flip-Flop Distribution
-------------------------

+--------------+-----------------------+------------------------+-----------------+--------------+
| Clock Enable | Synchronous Set/Reset | Asynchronous Set/Reset | Total Registers | Total Slices |
+--------------+-----------------------+------------------------+-----------------+--------------+
| No           | No                    | No                     |             110 |           31 |
| No           | No                    | Yes                    |              23 |           11 |
| No           | Yes                   | No                     |              80 |           21 |
| Yes          | No                    | No                     |             318 |           69 |
| Yes          | No                    | Yes                    |              44 |           18 |
| Yes          | Yes                   | No                     |             118 |           28 |
+--------------+-----------------------+------------------------+-----------------+--------------+


3. Detailed Control Set Information
-----------------------------------

+-----------------------------------------------+----------------------------------------------------------------------------------------------------------------------------------------------------------------------------+-------------------------------------------------------------------------------------------------------------------------------------------------------+------------------+----------------+
|                  Clock Signal                 |                                                                                Enable Signal                                                                               |                                                                    Set/Reset Signal                                                                   | Slice Load Count | Bel Load Count |
+-----------------------------------------------+----------------------------------------------------------------------------------------------------------------------------------------------------------------------------+-------------------------------------------------------------------------------------------------------------------------------------------------------+------------------+----------------+
|  system_i/processing_system7_0/inst/FCLK_CLK0 | system_i/processing_system7_0_axi_periph/s00_couplers/auto_pc/inst/gen_axilite.gen_b2s_conv.axilite_b2s/WR.b_channel_0/bid_fifo_0/bresp_push                               |                                                                                                                                                       |                1 |              2 |
|  system_i/processing_system7_0/inst/FCLK_CLK0 | system_i/processing_system7_0_axi_periph/s00_couplers/auto_pc/inst/gen_axilite.gen_b2s_conv.axilite_b2s/RD.ar_channel_0/ar_cmd_fsm_0/E[0]                                  |                                                                                                                                                       |                2 |              4 |
|  system_i/processing_system7_0/inst/FCLK_CLK0 | system_i/processing_system7_0_axi_periph/s00_couplers/auto_pc/inst/gen_axilite.gen_b2s_conv.axilite_b2s/WR.aw_channel_0/aw_cmd_fsm_0/wrap_boundary_axaddr_r_reg[11]        |                                                                                                                                                       |                2 |              4 |
|  system_i/processing_system7_0/inst/FCLK_CLK0 |                                                                                                                                                                            | system_i/rst_processing_system7_0_50M/U0/EXT_LPF/lpf_int                                                                                              |                1 |              4 |
|  system_i/processing_system7_0/inst/FCLK_CLK0 | system_i/processing_system7_0_axi_periph/s00_couplers/auto_pc/inst/gen_axilite.gen_b2s_conv.axilite_b2s/WR.aw_channel_0/aw_cmd_fsm_0/axaddr_wrap_reg[0][0]                 |                                                                                                                                                       |                1 |              4 |
|  system_i/processing_system7_0/inst/FCLK_CLK0 | system_i/processing_system7_0_axi_periph/s00_couplers/auto_pc/inst/gen_axilite.gen_b2s_conv.axilite_b2s/RD.ar_channel_0/ar_cmd_fsm_0/axaddr_incr_reg[11]                   |                                                                                                                                                       |                1 |              4 |
|  system_i/processing_system7_0/inst/FCLK_CLK0 | system_i/processing_system7_0_axi_periph/s00_couplers/auto_pc/inst/gen_axilite.gen_b2s_conv.axilite_b2s/WR.aw_channel_0/cmd_translator_0/incr_cmd_0/axaddr_incr[0]_i_1_n_0 |                                                                                                                                                       |                1 |              4 |
|  system_i/processing_system7_0/inst/FCLK_CLK0 | system_i/processing_system7_0_axi_periph/s00_couplers/auto_pc/inst/gen_axilite.gen_b2s_conv.axilite_b2s/RD.ar_channel_0/ar_cmd_fsm_0/axlen_cnt_reg[0]_0[0]                 |                                                                                                                                                       |                2 |              4 |
|  system_i/processing_system7_0/inst/FCLK_CLK0 | system_i/processing_system7_0_axi_periph/s00_couplers/auto_pc/inst/gen_axilite.gen_b2s_conv.axilite_b2s/RD.ar_channel_0/ar_cmd_fsm_0/axlen_cnt_reg[4]                      |                                                                                                                                                       |                2 |              4 |
|  system_i/processing_system7_0/inst/FCLK_CLK0 | system_i/processing_system7_0_axi_periph/s00_couplers/auto_pc/inst/gen_axilite.gen_b2s_conv.axilite_b2s/RD.ar_channel_0/ar_cmd_fsm_0/axlen_cnt_reg[4]                      | system_i/processing_system7_0_axi_periph/s00_couplers/auto_pc/inst/gen_axilite.gen_b2s_conv.axilite_b2s/RD.ar_channel_0/ar_cmd_fsm_0/axlen_cnt_reg[7] |                1 |              4 |
|  system_i/processing_system7_0/inst/FCLK_CLK0 | system_i/processing_system7_0_axi_periph/s00_couplers/auto_pc/inst/gen_axilite.gen_b2s_conv.axilite_b2s/RD.ar_channel_0/ar_cmd_fsm_0/axaddr_wrap_reg[0][0]                 |                                                                                                                                                       |                2 |              4 |
|  system_i/processing_system7_0/inst/FCLK_CLK0 | system_i/rtc_ip_0/inst/rtc_ip_v1_0_S00_AXI_inst/U1/U1/U1/FSM_sequential_i_reg[0]                                                                                           | system_i/rtc_ip_0/inst/rtc_ip_v1_0_S00_AXI_inst/U1/U1/U1/rData_reg[0]_1                                                                               |                2 |              4 |
|  system_i/processing_system7_0/inst/FCLK_CLK0 | system_i/processing_system7_0_axi_periph/s00_couplers/auto_pc/inst/gen_axilite.gen_b2s_conv.axilite_b2s/WR.aw_channel_0/aw_cmd_fsm_0/E[0]                                  |                                                                                                                                                       |                2 |              4 |
|  system_i/processing_system7_0/inst/FCLK_CLK0 | system_i/processing_system7_0_axi_periph/s00_couplers/auto_pc/inst/gen_axilite.gen_b2s_conv.axilite_b2s/WR.aw_channel_0/aw_cmd_fsm_0/axlen_cnt_reg[4]                      |                                                                                                                                                       |                2 |              4 |
|  system_i/processing_system7_0/inst/FCLK_CLK0 | system_i/processing_system7_0_axi_periph/s00_couplers/auto_pc/inst/gen_axilite.gen_b2s_conv.axilite_b2s/WR.aw_channel_0/aw_cmd_fsm_0/axlen_cnt_reg[4]                      | system_i/processing_system7_0_axi_periph/s00_couplers/auto_pc/inst/gen_axilite.gen_b2s_conv.axilite_b2s/WR.aw_channel_0/aw_cmd_fsm_0/axlen_cnt_reg[7] |                2 |              4 |
|  system_i/processing_system7_0/inst/FCLK_CLK0 | system_i/rtc_ip_0/inst/rtc_ip_v1_0_S00_AXI_inst/U1/U1/U1/rAddr_0                                                                                                           | system_i/rtc_ip_0/inst/rtc_ip_v1_0_S00_AXI_inst/U1/U1/U1/rData_reg[0]_1                                                                               |                2 |              5 |
|  system_i/processing_system7_0/inst/FCLK_CLK0 | system_i/rtc_ip_0/inst/rtc_ip_v1_0_S00_AXI_inst/U1/isStart                                                                                                                 | system_i/rtc_ip_0/inst/rtc_ip_v1_0_S00_AXI_inst/U1/U1/U1/rData_reg[0]_1                                                                               |                2 |              5 |
|  system_i/processing_system7_0/inst/FCLK_CLK0 | system_i/rtc_ip_0/inst/rtc_ip_v1_0_S00_AXI_inst/U1/U1/U2/i[5]_i_1_n_0                                                                                                      | system_i/rtc_ip_0/inst/rtc_ip_v1_0_S00_AXI_inst/U1/U1/U1/rData_reg[0]_1                                                                               |                4 |              6 |
|  system_i/processing_system7_0/inst/FCLK_CLK0 | system_i/rst_processing_system7_0_50M/U0/SEQ/seq_cnt_en                                                                                                                    | system_i/rst_processing_system7_0_50M/U0/SEQ/SEQ_COUNTER/clear                                                                                        |                1 |              6 |
|  system_i/processing_system7_0/inst/FCLK_CLK0 |                                                                                                                                                                            | system_i/processing_system7_0_axi_periph/s00_couplers/auto_pc/inst/gen_axilite.gen_b2s_conv.axilite_b2s/SI_REG/r_pipe/SR[0]                           |                3 |              8 |
|  system_i/processing_system7_0/inst/FCLK_CLK0 | system_i/rtc_ip_0/inst/rtc_ip_v1_0_S00_AXI_inst/slv_reg2[7]_i_1_n_0                                                                                                        | system_i/rtc_ip_0/inst/rtc_ip_v1_0_S00_AXI_inst/U1/U1/U1/rData_reg[0]_1                                                                               |                1 |              8 |
|  system_i/processing_system7_0/inst/FCLK_CLK0 | system_i/rtc_ip_0/inst/rtc_ip_v1_0_S00_AXI_inst/slv_reg3[15]_i_1_n_0                                                                                                       | system_i/rtc_ip_0/inst/rtc_ip_v1_0_S00_AXI_inst/U1/U1/U1/rData_reg[0]_1                                                                               |                2 |              8 |
|  system_i/processing_system7_0/inst/FCLK_CLK0 | system_i/rtc_ip_0/inst/rtc_ip_v1_0_S00_AXI_inst/slv_reg3[23]_i_1_n_0                                                                                                       | system_i/rtc_ip_0/inst/rtc_ip_v1_0_S00_AXI_inst/U1/U1/U1/rData_reg[0]_1                                                                               |                1 |              8 |
|  system_i/processing_system7_0/inst/FCLK_CLK0 | system_i/rtc_ip_0/inst/rtc_ip_v1_0_S00_AXI_inst/slv_reg3[31]_i_1_n_0                                                                                                       | system_i/rtc_ip_0/inst/rtc_ip_v1_0_S00_AXI_inst/U1/U1/U1/rData_reg[0]_1                                                                               |                1 |              8 |
|  system_i/processing_system7_0/inst/FCLK_CLK0 | system_i/processing_system7_0_axi_periph/s00_couplers/auto_pc/inst/gen_axilite.gen_b2s_conv.axilite_b2s/WR.b_channel_0/mhandshake_r                                        | system_i/processing_system7_0_axi_periph/s00_couplers/auto_pc/inst/gen_axilite.gen_b2s_conv.axilite_b2s/WR.b_channel_0/bid_fifo_0/SR[0]               |                2 |              8 |
|  system_i/processing_system7_0/inst/FCLK_CLK0 | system_i/rtc_ip_0/inst/rtc_ip_v1_0_S00_AXI_inst/slv_reg3[7]_i_1_n_0                                                                                                        | system_i/rtc_ip_0/inst/rtc_ip_v1_0_S00_AXI_inst/U1/U1/U1/rData_reg[0]_1                                                                               |                1 |              8 |
|  system_i/processing_system7_0/inst/FCLK_CLK0 | system_i/rtc_ip_0/inst/rtc_ip_v1_0_S00_AXI_inst/slv_reg2[31]_i_1_n_0                                                                                                       | system_i/rtc_ip_0/inst/rtc_ip_v1_0_S00_AXI_inst/U1/U1/U1/rData_reg[0]_1                                                                               |                1 |              8 |
|  system_i/processing_system7_0/inst/FCLK_CLK0 | system_i/rtc_ip_0/inst/rtc_ip_v1_0_S00_AXI_inst/U1/U1/U1/rData                                                                                                             | system_i/rtc_ip_0/inst/rtc_ip_v1_0_S00_AXI_inst/U1/U1/U1/rData_reg[0]_1                                                                               |                2 |              8 |
|  system_i/processing_system7_0/inst/FCLK_CLK0 | system_i/rtc_ip_0/inst/rtc_ip_v1_0_S00_AXI_inst/U1/U1/U1/rRead                                                                                                             | system_i/rtc_ip_0/inst/rtc_ip_v1_0_S00_AXI_inst/U1/U1/U1/rData_reg[0]_1                                                                               |                3 |              8 |
|  system_i/processing_system7_0/inst/FCLK_CLK0 | system_i/rtc_ip_0/inst/rtc_ip_v1_0_S00_AXI_inst/U1/U1/U1/E[0]                                                                                                              |                                                                                                                                                       |                1 |              8 |
|  system_i/processing_system7_0/inst/FCLK_CLK0 | system_i/rtc_ip_0/inst/rtc_ip_v1_0_S00_AXI_inst/U1/U1/U1/Time_date_reg[0][0]                                                                                               |                                                                                                                                                       |                1 |              8 |
|  system_i/processing_system7_0/inst/FCLK_CLK0 | system_i/rtc_ip_0/inst/rtc_ip_v1_0_S00_AXI_inst/U1/U1/U1/Time_month_reg[0][0]                                                                                              |                                                                                                                                                       |                2 |              8 |
|  system_i/processing_system7_0/inst/FCLK_CLK0 | system_i/rtc_ip_0/inst/rtc_ip_v1_0_S00_AXI_inst/U1/U1/U1/Time_year_reg[0][0]                                                                                               |                                                                                                                                                       |                1 |              8 |
|  system_i/processing_system7_0/inst/FCLK_CLK0 | system_i/rtc_ip_0/inst/rtc_ip_v1_0_S00_AXI_inst/U1/U1/U1/Time_munite_reg[0][0]                                                                                             |                                                                                                                                                       |                1 |              8 |
|  system_i/processing_system7_0/inst/FCLK_CLK0 | system_i/rtc_ip_0/inst/rtc_ip_v1_0_S00_AXI_inst/U1/U1/U1/Time_second_reg[0][0]                                                                                             |                                                                                                                                                       |                1 |              8 |
|  system_i/processing_system7_0/inst/FCLK_CLK0 | system_i/rtc_ip_0/inst/rtc_ip_v1_0_S00_AXI_inst/U1/U1/U1/rData_reg[0]_2[0]                                                                                                 | system_i/rtc_ip_0/inst/rtc_ip_v1_0_S00_AXI_inst/U1/U1/U1/rData_reg[0]_1                                                                               |                3 |              8 |
|  system_i/processing_system7_0/inst/FCLK_CLK0 | system_i/rtc_ip_0/inst/rtc_ip_v1_0_S00_AXI_inst/slv_reg2[15]_i_1_n_0                                                                                                       | system_i/rtc_ip_0/inst/rtc_ip_v1_0_S00_AXI_inst/U1/U1/U1/rData_reg[0]_1                                                                               |                1 |              8 |
|  system_i/processing_system7_0/inst/FCLK_CLK0 | system_i/rtc_ip_0/inst/rtc_ip_v1_0_S00_AXI_inst/slv_reg2[23]_i_1_n_0                                                                                                       | system_i/rtc_ip_0/inst/rtc_ip_v1_0_S00_AXI_inst/U1/U1/U1/rData_reg[0]_1                                                                               |                1 |              8 |
|  system_i/processing_system7_0/inst/FCLK_CLK0 | system_i/processing_system7_0_axi_periph/s00_couplers/auto_pc/inst/gen_axilite.gen_b2s_conv.axilite_b2s/RD.r_channel_0/r_push_r                                            |                                                                                                                                                       |                4 |             13 |
|  system_i/processing_system7_0/inst/FCLK_CLK0 | system_i/processing_system7_0_axi_periph/s00_couplers/auto_pc/inst/gen_axilite.gen_b2s_conv.axilite_b2s/SI_REG/b_pipe/p_1_in                                               |                                                                                                                                                       |                2 |             14 |
|  system_i/processing_system7_0/inst/FCLK_CLK0 | system_i/processing_system7_0_axi_periph/s00_couplers/auto_pc/inst/gen_axilite.gen_b2s_conv.axilite_b2s/SI_REG/b_pipe/skid_buffer_reg[0]_0                                 |                                                                                                                                                       |                3 |             14 |
|  system_i/processing_system7_0/inst/FCLK_CLK0 | system_i/processing_system7_0_axi_periph/s00_couplers/auto_pc/inst/gen_axilite.gen_b2s_conv.axilite_b2s/WR.aw_channel_0/aw_cmd_fsm_0/b_push                                |                                                                                                                                                       |                5 |             20 |
|  system_i/processing_system7_0/inst/FCLK_CLK0 | system_i/processing_system7_0_axi_periph/s00_couplers/auto_pc/inst/gen_axilite.gen_b2s_conv.axilite_b2s/RD.ar_channel_0/ar_cmd_fsm_0/m_payload_i_reg[0]_1[0]               |                                                                                                                                                       |                6 |             27 |
|  system_i/processing_system7_0/inst/FCLK_CLK0 | system_i/processing_system7_0_axi_periph/s00_couplers/auto_pc/inst/gen_axilite.gen_b2s_conv.axilite_b2s/WR.aw_channel_0/aw_cmd_fsm_0/m_payload_i_reg[0][0]                 |                                                                                                                                                       |                6 |             27 |
|  system_i/processing_system7_0/inst/FCLK_CLK0 | system_i/processing_system7_0_axi_periph/s00_couplers/auto_pc/inst/gen_axilite.gen_b2s_conv.axilite_b2s/SI_REG/aw_pipe/skid_buffer_reg[0]_0                                |                                                                                                                                                       |                6 |             27 |
|  system_i/processing_system7_0/inst/FCLK_CLK0 | system_i/processing_system7_0_axi_periph/s00_couplers/auto_pc/inst/gen_axilite.gen_b2s_conv.axilite_b2s/SI_REG/ar_pipe/skid_buffer_reg[0]_0                                |                                                                                                                                                       |                6 |             27 |
|  system_i/processing_system7_0/inst/FCLK_CLK0 |                                                                                                                                                                            | system_i/rtc_ip_0/inst/rtc_ip_v1_0_S00_AXI_inst/U1/U1/U1/rData_reg[0]_1                                                                               |               14 |             32 |
|  system_i/processing_system7_0/inst/FCLK_CLK0 | system_i/rtc_ip_0/inst/rtc_ip_v1_0_S00_AXI_inst/slv_reg_rden                                                                                                               | system_i/rtc_ip_0/inst/rtc_ip_v1_0_S00_AXI_inst/U1/U1/U1/rData_reg[0]_1                                                                               |               13 |             32 |
|  system_i/processing_system7_0/inst/FCLK_CLK0 | system_i/processing_system7_0_axi_periph/s00_couplers/auto_pc/inst/gen_axilite.gen_b2s_conv.axilite_b2s/RD.r_channel_0/rd_data_fifo_0/wr_en0                               |                                                                                                                                                       |               10 |             34 |
|  system_i/processing_system7_0/inst/FCLK_CLK0 | system_i/processing_system7_0_axi_periph/s00_couplers/auto_pc/inst/gen_axilite.gen_b2s_conv.axilite_b2s/SI_REG/r_pipe/p_1_in                                               |                                                                                                                                                       |                8 |             47 |
|  system_i/processing_system7_0/inst/FCLK_CLK0 | system_i/processing_system7_0_axi_periph/s00_couplers/auto_pc/inst/gen_axilite.gen_b2s_conv.axilite_b2s/SI_REG/r_pipe/skid_buffer_reg[0]_0                                 |                                                                                                                                                       |                8 |             47 |
|  system_i/processing_system7_0/inst/FCLK_CLK0 |                                                                                                                                                                            | system_i/processing_system7_0_axi_periph/s00_couplers/auto_pc/inst/gen_axilite.gen_b2s_conv.axilite_b2s/areset_d1                                     |               14 |             59 |
|  system_i/processing_system7_0/inst/FCLK_CLK0 |                                                                                                                                                                            |                                                                                                                                                       |               32 |            111 |
+-----------------------------------------------+----------------------------------------------------------------------------------------------------------------------------------------------------------------------------+-------------------------------------------------------------------------------------------------------------------------------------------------------+------------------+----------------+


