Copyright 1986-2015 Xilinx, Inc. All Rights Reserved.
------------------------------------------------------------------------------------
| Tool Version : Vivado v.2015.4 (win64) Build 1412921 Wed Nov 18 09:43:45 MST 2015
| Date         : Wed Sep 28 15:13:58 2016
| Host         : AVIC running 64-bit Service Pack 1  (build 7601)
| Command      : report_control_sets -verbose -file led_control_sets_placed.rpt
| Design       : led
| Device       : xc7z010
------------------------------------------------------------------------------------

Control Set Information

Table of Contents
-----------------
1. Summary
2. Flip-Flop Distribution
3. Detailed Control Set Information

1. Summary
----------

+-------------------------------------------------------------------+-------+
|                               Status                              | Count |
+-------------------------------------------------------------------+-------+
| Number of unique control sets                                     |     2 |
| Minimum Number of register sites lost to control set restrictions |     4 |
+-------------------------------------------------------------------+-------+


2. Flip-Flop Distribution
-------------------------

+--------------+-----------------------+------------------------+-----------------+--------------+
| Clock Enable | Synchronous Set/Reset | Asynchronous Set/Reset | Total Registers | Total Slices |
+--------------+-----------------------+------------------------+-----------------+--------------+
| No           | No                    | No                     |               0 |            0 |
| No           | No                    | Yes                    |               0 |            0 |
| No           | Yes                   | No                     |              32 |            8 |
| Yes          | No                    | No                     |               4 |            2 |
| Yes          | No                    | Yes                    |               0 |            0 |
| Yes          | Yes                   | No                     |               0 |            0 |
+--------------+-----------------------+------------------------+-----------------+--------------+


3. Detailed Control Set Information
-----------------------------------

+--------------------+---------------+------------------+------------------+----------------+
|    Clock Signal    | Enable Signal | Set/Reset Signal | Slice Load Count | Bel Load Count |
+--------------------+---------------+------------------+------------------+----------------+
|  sys_clk_IBUF_BUFG | clear         |                  |                2 |              4 |
|  sys_clk_IBUF_BUFG |               | clear            |                8 |             32 |
+--------------------+---------------+------------------+------------------+----------------+


