#-----------------------------------------------------------
# Vivado v2015.4 (64-bit)
# SW Build 1412921 on Wed Nov 18 09:43:45 MST 2015
# IP Build 1412160 on Tue Nov 17 13:47:24 MST 2015
# Start of session at: Thu Jun 08 14:02:42 2017
# Process ID: 5756
# Current directory: Y:/project/AX/AX7010/AX7010_CD/02_source/vivado_project/10_linux_hw
# Command line: vivado.exe -gui_launcher_event rodinguilauncherevent6584 Y:\project\AX\AX7010\AX7010_CD\02_source\vivado_project\10_linux_hw\linux_hw.xpr
# Log file: Y:/project/AX/AX7010/AX7010_CD/02_source/vivado_project/10_linux_hw/vivado.log
# Journal file: Y:/project/AX/AX7010/AX7010_CD/02_source/vivado_project/10_linux_hw\vivado.jou
#-----------------------------------------------------------
start_gui
open_project Y:/project/AX/AX7010/AX7010_CD/02_source/vivado_project/10_linux_hw/linux_hw.xpr
Scanning sources...
Finished scanning sources
INFO: [IP_Flow 19-234] Refreshing IP repositories
INFO: [IP_Flow 19-1700] Loaded user IP repository 'y:/project/AX/AX7010/AX7010_CD/02_source/vivado_project/repo'.
INFO: [IP_Flow 19-2313] Loaded Vivado IP repository 'D:/Xilinx/Vivado/2015.4/data/ip'.
WARNING: [IP_Flow 19-3664] IP 'system_axis_subset_converter_0_0' generated file not found 'y:/project/AX/AX7010/AX7010_CD/02_source/vivado_project/10_linux_hw/linux_hw.srcs/sources_1/bd/system/ip/system_axis_subset_converter_0_0/axis_subset_converter_v1_1/hdl/verilog/axis_subset_converter_v1_1_axis_subset_converter_system_axis_subset_converter_0_0.v'. Please regenerate to continue.
WARNING: [IP_Flow 19-3664] IP 'system_axis_subset_converter_0_0' generated file not found 'y:/project/AX/AX7010/AX7010_CD/02_source/vivado_project/10_linux_hw/linux_hw.srcs/sources_1/bd/system/ip/system_axis_subset_converter_0_0/axis_subset_converter_v1_1/hdl/verilog/axis_subset_converter_v1_1_axis_subset_converter_system_axis_subset_converter_0_0.v'. Please regenerate to continue.
open_project: Time (s): cpu = 00:00:18 ; elapsed = 00:00:25 . Memory (MB): peak = 795.117 ; gain = 204.348
open_bd_design {Y:/project/AX/AX7010/AX7010_CD/02_source/vivado_project/10_linux_hw/linux_hw.srcs/sources_1/bd/system/system.bd}
Adding component instance block -- xilinx.com:ip:processing_system7:5.5 - processing_system7_0
Adding component instance block -- xilinx.com:ip:axi_vdma:6.2 - axi_vdma_0
Adding component instance block -- xilinx.com:ip:v_tc:6.1 - v_tc_0
Adding component instance block -- xilinx.com:ip:v_axi4s_vid_out:4.0 - v_axi4s_vid_out_0
Adding component instance block -- digilentinc.com:ip:axi_dynclk:1.0 - axi_dynclk_0
Adding component instance block -- digilentinc.com:ip:rgb2dvi:1.2 - rgb2dvi_0
Adding component instance block -- xilinx.com:ip:axi_gpio:2.0 - axi_gpio_hdmi
Adding component instance block -- xilinx.com:ip:xlconstant:1.1 - xlconstant_0
Adding component instance block -- xilinx.com:ip:axis_subset_converter:1.1 - axis_subset_converter_0
Adding component instance block -- xilinx.com:ip:xlconcat:2.1 - xlconcat_0
Adding component instance block -- xilinx.com:ip:proc_sys_reset:5.0 - rst_processing_system7_0_140M
Adding component instance block -- xilinx.com:ip:proc_sys_reset:5.0 - rst_processing_system7_0_100M
Adding component instance block -- xilinx.com:ip:xlconstant:1.1 - xlconstant_1
Adding component instance block -- xilinx.com:ip:axi_gpio:2.0 - axi_gpio_led
Adding component instance block -- xilinx.com:ip:axi_gpio:2.0 - axi_gpio_btn
Adding component instance block -- xilinx.com:ip:axi_crossbar:2.1 - xbar
Adding component instance block -- xilinx.com:ip:axi_protocol_converter:2.1 - auto_pc
Adding component instance block -- xilinx.com:ip:axi_protocol_converter:2.1 - auto_pc
Successfully read diagram <system> from BD file <Y:/project/AX/AX7010/AX7010_CD/02_source/vivado_project/10_linux_hw/linux_hw.srcs/sources_1/bd/system/system.bd>
open_bd_design: Time (s): cpu = 00:00:12 ; elapsed = 00:00:14 . Memory (MB): peak = 928.055 ; gain = 132.938
startgroup
set_property -dict [list CONFIG.PCW_ENET0_RESET_ENABLE {0} CONFIG.PCW_USB0_RESET_ENABLE {1} CONFIG.PCW_USB0_RESET_IO {MIO 46}] [get_bd_cells processing_system7_0]
endgroup
save_bd_design
Wrote  : <Y:/project/AX/AX7010/AX7010_CD/02_source/vivado_project/10_linux_hw/linux_hw.srcs/sources_1/bd/system/system.bd> 
generate_target all [get_files  Y:/project/AX/AX7010/AX7010_CD/02_source/vivado_project/10_linux_hw/linux_hw.srcs/sources_1/bd/system/system.bd]
INFO: [xilinx.com:ip:axi_vdma:6.2-16] /axi_vdma_0 
                    All clocks connected to AXI VDMA are not identical, therefore configuring AXI-VDMA in ASYNC mode.
Verilog Output written to : Y:/project/AX/AX7010/AX7010_CD/02_source/vivado_project/10_linux_hw/linux_hw.srcs/sources_1/bd/system/hdl/system.v
Verilog Output written to : Y:/project/AX/AX7010/AX7010_CD/02_source/vivado_project/10_linux_hw/linux_hw.srcs/sources_1/bd/system/hdl/system_wrapper.v
Wrote  : <Y:/project/AX/AX7010/AX7010_CD/02_source/vivado_project/10_linux_hw/linux_hw.srcs/sources_1/bd/system/system.bd> 
INFO: [IP_Flow 19-1686] Generating 'Instantiation Template' target for IP 'system_processing_system7_0_0'...
INFO: [IP_Flow 19-1686] Generating 'Synthesis' target for IP 'system_processing_system7_0_0'...
INFO: [IP_Flow 19-1686] Generating 'Simulation' target for IP 'system_processing_system7_0_0'...
WARNING: [xilinx.com:ip:processing_system7:5.5-1] system_processing_system7_0_0: The Zynq BFM requires an AXI BFM license to run. Please ensure that you have purchased and setup the AXI BFM license prior to running simulation with this block. Please contact your Xilinx sales office for more information on purchasing this license
INFO: [IP_Flow 19-1686] Generating 'Miscellaneous' target for IP 'system_processing_system7_0_0'...
INFO: [IP_Flow 19-1686] Generating 'Change Log' target for IP 'system_processing_system7_0_0'...
INFO: [BD 41-1029] Generation completed for the IP Integrator block processing_system7_0 .
INFO: [BD 41-1029] Generation completed for the IP Integrator block axi_vdma_0 .
INFO: [BD 41-1029] Generation completed for the IP Integrator block v_tc_0 .
INFO: [BD 41-1029] Generation completed for the IP Integrator block v_axi4s_vid_out_0 .
INFO: [BD 41-1029] Generation completed for the IP Integrator block axi_dynclk_0 .
INFO: [BD 41-1029] Generation completed for the IP Integrator block rgb2dvi_0 .
INFO: [BD 41-1029] Generation completed for the IP Integrator block axi_gpio_hdmi .
INFO: [BD 41-1029] Generation completed for the IP Integrator block xlconstant_0 .
INFO: [IP_Flow 19-1686] Generating 'Synthesis' target for IP 'system_axis_subset_converter_0_0'...
INFO: [IP_Flow 19-1686] Generating 'Simulation' target for IP 'system_axis_subset_converter_0_0'...
INFO: [BD 41-1029] Generation completed for the IP Integrator block axis_subset_converter_0 .
INFO: [BD 41-1029] Generation completed for the IP Integrator block xlconcat_0 .
INFO: [BD 41-1029] Generation completed for the IP Integrator block rst_processing_system7_0_140M .
INFO: [BD 41-1029] Generation completed for the IP Integrator block rst_processing_system7_0_100M .
INFO: [BD 41-1029] Generation completed for the IP Integrator block processing_system7_0_axi_periph/xbar .
INFO: [BD 41-1029] Generation completed for the IP Integrator block xlconstant_1 .
INFO: [BD 41-1029] Generation completed for the IP Integrator block axi_gpio_led .
INFO: [BD 41-1029] Generation completed for the IP Integrator block axi_gpio_btn .
INFO: [IP_Flow 19-1686] Generating 'Instantiation Template' target for IP 'system_auto_pc_0'...
INFO: [IP_Flow 19-1686] Generating 'Synthesis' target for IP 'system_auto_pc_0'...
INFO: [IP_Flow 19-1686] Generating 'Simulation' target for IP 'system_auto_pc_0'...
INFO: [IP_Flow 19-1686] Generating 'Change Log' target for IP 'system_auto_pc_0'...
INFO: [BD 41-1029] Generation completed for the IP Integrator block axi_mem_intercon/s00_couplers/auto_pc .
INFO: [IP_Flow 19-1686] Generating 'Instantiation Template' target for IP 'system_auto_pc_1'...
INFO: [IP_Flow 19-1686] Generating 'Synthesis' target for IP 'system_auto_pc_1'...
INFO: [IP_Flow 19-1686] Generating 'Simulation' target for IP 'system_auto_pc_1'...
INFO: [IP_Flow 19-1686] Generating 'Change Log' target for IP 'system_auto_pc_1'...
INFO: [BD 41-1029] Generation completed for the IP Integrator block processing_system7_0_axi_periph/s00_couplers/auto_pc .
Exporting to file Y:/project/AX/AX7010/AX7010_CD/02_source/vivado_project/10_linux_hw/linux_hw.srcs/sources_1/bd/system/hw_handoff/system.hwh
Generated Block Design Tcl file Y:/project/AX/AX7010/AX7010_CD/02_source/vivado_project/10_linux_hw/linux_hw.srcs/sources_1/bd/system/hw_handoff/system_bd.tcl
Generated Hardware Definition File Y:/project/AX/AX7010/AX7010_CD/02_source/vivado_project/10_linux_hw/linux_hw.srcs/sources_1/bd/system/hdl/system.hwdef
generate_target: Time (s): cpu = 00:00:29 ; elapsed = 00:00:57 . Memory (MB): peak = 1147.441 ; gain = 65.125
export_ip_user_files -of_objects [get_files Y:/project/AX/AX7010/AX7010_CD/02_source/vivado_project/10_linux_hw/linux_hw.srcs/sources_1/bd/system/system.bd] -no_script -force -quiet
export_simulation -of_objects [get_files Y:/project/AX/AX7010/AX7010_CD/02_source/vivado_project/10_linux_hw/linux_hw.srcs/sources_1/bd/system/system.bd] -directory Y:/project/AX/AX7010/AX7010_CD/02_source/vivado_project/10_linux_hw/linux_hw.ip_user_files/sim_scripts -force -quiet
write_hwdef -force  -file Y:/project/AX/AX7010/AX7010_CD/02_source/vivado_project/10_linux_hw/linux_hw.sdk/system_wrapper.hdf
exit
INFO: [Common 17-206] Exiting Vivado at Thu Jun 08 14:07:39 2017...
