19:59:20 INFO  : Launching XSDB server: xsdb.bat C:/Xilinx/SDK/2015.4/scripts/xsdb/xsdb/xsdb-server.tcl
19:59:22 INFO  : XSDB server has started successfully.
19:59:22 INFO  : Processing command line option -hwspec E:/AX7010/labs/helloworld/helloworld.sdk/system_wrapper.hdf.
20:01:29 INFO  : Connected to target on host '127.0.0.1' and port '3121'.
20:01:30 INFO  : Sourcing of 'E:/AX7010/labs/helloworld/helloworld.sdk/system_wrapper_hw_platform_0/ps7_init.tcl' is done.
20:01:30 INFO  : 'targets -set -filter {name =~"APU" && jtag_cable_name =~ "Digilent JTAG-HS1 210249854655"} -index 0' command is executed.
20:01:30 INFO  : Hardware design information is loaded from 'E:/AX7010/labs/helloworld/helloworld.sdk/system_wrapper_hw_platform_0/system.hdf'.
20:01:30 INFO  : 'targets -set -filter {name =~"APU" && jtag_cable_name =~ "Digilent JTAG-HS1 210249854655"} -index 0' command is executed.
20:01:30 INFO  : 'stop' command is executed.
20:01:31 INFO  : 'ps7_init' command is executed.
20:01:31 INFO  : 'con' command is executed.
20:01:31 INFO  : Context for processor 'ps7_cortexa9_0' is selected.
20:01:31 INFO  : Processor reset is completed for 'ps7_cortexa9_0'.
20:01:32 INFO  : Context for processor 'ps7_cortexa9_0' is selected.
20:01:32 INFO  : The application 'E:/AX7010/labs/helloworld/helloworld.sdk/helloworld/Debug/helloworld.elf' is downloaded to processor 'ps7_cortexa9_0'.
20:01:32 INFO  : ----------------XSDB Script----------------
connect -url tcp:127.0.0.1:3121
source E:/AX7010/labs/helloworld/helloworld.sdk/system_wrapper_hw_platform_0/ps7_init.tcl
targets -set -filter {name =~"APU" && jtag_cable_name =~ "Digilent JTAG-HS1 210249854655"} -index 0
loadhw E:/AX7010/labs/helloworld/helloworld.sdk/system_wrapper_hw_platform_0/system.hdf
targets -set -filter {name =~"APU" && jtag_cable_name =~ "Digilent JTAG-HS1 210249854655"} -index 0
stop
ps7_init
con
targets -set -nocase -filter {name =~ "ARM*#0" && jtag_cable_name =~ "Digilent JTAG-HS1 210249854655"} -index 0
rst -processor
targets -set -nocase -filter {name =~ "ARM*#0" && jtag_cable_name =~ "Digilent JTAG-HS1 210249854655"} -index 0
dow E:/AX7010/labs/helloworld/helloworld.sdk/helloworld/Debug/helloworld.elf
----------------End of Script----------------

20:01:32 INFO  : Context for processor 'ps7_cortexa9_0' is selected.
20:01:32 INFO  : 'con' command is executed.
20:01:32 INFO  : ----------------XSDB Script (After Launch)----------------
targets -set -nocase -filter {name =~ "ARM*#0" && jtag_cable_name =~ "Digilent JTAG-HS1 210249854655"} -index 0
con
----------------End of Script----------------

20:08:44 WARN  : Unexpected exception occurred.
java.io.IOException: Command [C 115 xsdb eval "disconnect tcfchan#1"] aborted
	at org.eclipse.tcf.core.AbstractChannel$9.run(AbstractChannel.java:753)
	at org.eclipse.tcf.EventQueue.run(EventQueue.java:95)
	at java.lang.Thread.run(Thread.java:745)
Caused by: java.net.SocketException: Connection reset
	at java.net.SocketInputStream.read(SocketInputStream.java:209)
	at java.net.SocketInputStream.read(SocketInputStream.java:141)
	at java.io.BufferedInputStream.read1(BufferedInputStream.java:284)
	at java.io.BufferedInputStream.read(BufferedInputStream.java:345)
	at java.io.FilterInputStream.read(FilterInputStream.java:107)
	at org.eclipse.tcf.core.ChannelTCP.get(ChannelTCP.java:162)
	at org.eclipse.tcf.core.StreamChannel.read(StreamChannel.java:84)
	at org.eclipse.tcf.core.AbstractChannel$1.run(AbstractChannel.java:254)
